<?xml version="1.0" encoding="UTF-8"?>
<!-- Generated by org.testng.reporters.JUnitXMLReporter -->
<testsuite ignored="0" hostname="DESKTOP-3IMF4AD" failures="0" tests="4" name="Default test" time="33.955" errors="0" timestamp="2022-07-01T20:27:40 IST">
  <testcase classname="TestCases.LoginTests" name="verifyZerodhaLogo" time="0.107"/>
  <testcase classname="TestCases.LoginTests" name="verifyKiteLogo" time="0.063"/>
  <testcase classname="TestCases.LoginTests" name="veriftyLogin" time="3.299"/>
  <testcase classname="TestCases.LoginTests" name="VerityTiltleTest" time="0.016"/>
</testsuite> <!-- Default test -->
